# JRE version: OpenJDK Runtime Environment Temurin-17.0.10+7 (17.0.10+7) (build 17.0.10+7)
# Java VM: OpenJDK 64-Bit Server VM Temurin-17.0.10+7 (17.0.10+7, mixed mode, tiered, compressed oops, compressed class ptrs, parallel gc, windows-amd64)
GC Precious Log:
 CPUs: 12 total, 12 available
 Memory: 16169M
 Large Page Support: Disabled
 NUMA Support: Disabled
 Compressed Oops: Enabled (32-bit)
 Alignments: Space 512K, Generation 512K, Heap 2M
 Heap Min Capacity: 100M
 Heap Initial Capacity: 100M
 Heap Max Capacity: 1G
 Pre-touch: Disabled
 Parallel Workers: 10
Heap:
 PSYoungGen      total 24064K, used 12279K [0x00000000eab00000, 0x00000000ec780000, 0x0000000100000000)
  eden space 22016K, 47% used [0x00000000eab00000,0x00000000eb521f60,0x00000000ec080000)
  from space 2048K, 92% used [0x00000000ec580000,0x00000000ec75c020,0x00000000ec780000)
  to   space 2560K, 0% used [0x00000000ec280000,0x00000000ec280000,0x00000000ec500000)
 ParOldGen       total 68608K, used 35716K [0x00000000c0000000, 0x00000000c4300000, 0x00000000eab00000)
  object space 68608K, 52% used [0x00000000c0000000,0x00000000c22e11c0,0x00000000c4300000)
 Metaspace       used 54429K, committed 55424K, reserved 1114112K
  class space    used 5928K, committed 6336K, reserved 1048576K
GC Heap History (20 events):
Event: 5.410 GC heap before
{Heap before GC invocations=16 (full 2):
 PSYoungGen      total 24064K, used 23584K [0x00000000eab00000, 0x00000000ec480000, 0x0000000100000000)
  eden space 22016K, 100% used [0x00000000eab00000,0x00000000ec080000,0x00000000ec080000)
  from space 2048K, 76% used [0x00000000ec180000,0x00000000ec308010,0x00000000ec380000)
  to   space 1024K, 0% used [0x00000000ec380000,0x00000000ec380000,0x00000000ec480000)
 ParOldGen       total 68608K, used 18338K [0x00000000c0000000, 0x00000000c4300000, 0x00000000eab00000)
  object space 68608K, 26% used [0x00000000c0000000,0x00000000c11e8a98,0x00000000c4300000)
 Metaspace       used 41621K, committed 42560K, reserved 1114112K
  class space    used 4269K, committed 4672K, reserved 1048576K
}
Event: 5.411 GC heap after
{Heap after GC invocations=16 (full 2):
 PSYoungGen      total 23040K, used 1024K [0x00000000eab00000, 0x00000000ec680000, 0x0000000100000000)
  eden space 22016K, 0% used [0x00000000eab00000,0x00000000eab00000,0x00000000ec080000)
  from space 1024K, 100% used [0x00000000ec380000,0x00000000ec480000,0x00000000ec480000)
  to   space 3072K, 0% used [0x00000000ec080000,0x00000000ec080000,0x00000000ec380000)
 ParOldGen       total 68608K, used 20050K [0x00000000c0000000, 0x00000000c4300000, 0x00000000eab00000)
  object space 68608K, 29% used [0x00000000c0000000,0x00000000c1394aa8,0x00000000c4300000)
 Metaspace       used 41621K, committed 42560K, reserved 1114112K
  class space    used 4269K, committed 4672K, reserved 1048576K
}
Event: 5.535 GC heap before
{Heap before GC invocations=17 (full 2):
 PSYoungGen      total 23040K, used 23040K [0x00000000eab00000, 0x00000000ec680000, 0x0000000100000000)
  eden space 22016K, 100% used [0x00000000eab00000,0x00000000ec080000,0x00000000ec080000)
  from space 1024K, 100% used [0x00000000ec380000,0x00000000ec480000,0x00000000ec480000)
  to   space 3072K, 0% used [0x00000000ec080000,0x00000000ec080000,0x00000000ec380000)
 ParOldGen       total 68608K, used 20050K [0x00000000c0000000, 0x00000000c4300000, 0x00000000eab00000)
  object space 68608K, 29% used [0x00000000c0000000,0x00000000c1394aa8,0x00000000c4300000)
 Metaspace       used 42814K, committed 43712K, reserved 1114112K
  class space    used 4438K, committed 4864K, reserved 1048576K
}
Event: 5.537 GC heap after
{Heap after GC invocations=17 (full 2):
 PSYoungGen      total 24064K, used 1638K [0x00000000eab00000, 0x00000000ec480000, 0x0000000100000000)
  eden space 22016K, 0% used [0x00000000eab00000,0x00000000eab00000,0x00000000ec080000)
  from space 2048K, 80% used [0x00000000ec080000,0x00000000ec219b58,0x00000000ec280000)
  to   space 2048K, 0% used [0x00000000ec280000,0x00000000ec280000,0x00000000ec480000)
 ParOldGen       total 68608K, used 21119K [0x00000000c0000000, 0x00000000c4300000, 0x00000000eab00000)
  object space 68608K, 30% used [0x00000000c0000000,0x00000000c149fc58,0x00000000c4300000)
 Metaspace       used 42814K, committed 43712K, reserved 1114112K
  class space    used 4438K, committed 4864K, reserved 1048576K
}
Event: 5.722 GC heap before
{Heap before GC invocations=18 (full 2):
 PSYoungGen      total 24064K, used 23654K [0x00000000eab00000, 0x00000000ec480000, 0x0000000100000000)
  eden space 22016K, 100% used [0x00000000eab00000,0x00000000ec080000,0x00000000ec080000)
  from space 2048K, 80% used [0x00000000ec080000,0x00000000ec219b58,0x00000000ec280000)
  to   space 2048K, 0% used [0x00000000ec280000,0x00000000ec280000,0x00000000ec480000)
 ParOldGen       total 68608K, used 21119K [0x00000000c0000000, 0x00000000c4300000, 0x00000000eab00000)
  object space 68608K, 30% used [0x00000000c0000000,0x00000000c149fc58,0x00000000c4300000)
 Metaspace       used 44511K, committed 45376K, reserved 1114112K
  class space    used 4649K, committed 5056K, reserved 1048576K
}
Event: 5.723 GC heap after
{Heap after GC invocations=18 (full 2):
 PSYoungGen      total 23552K, used 1069K [0x00000000eab00000, 0x00000000ec400000, 0x0000000100000000)
  eden space 22016K, 0% used [0x00000000eab00000,0x00000000eab00000,0x00000000ec080000)
  from space 1536K, 69% used [0x00000000ec280000,0x00000000ec38b558,0x00000000ec400000)
  to   space 1536K, 0% used [0x00000000ec100000,0x00000000ec100000,0x00000000ec280000)
 ParOldGen       total 68608K, used 22561K [0x00000000c0000000, 0x00000000c4300000, 0x00000000eab00000)
  object space 68608K, 32% used [0x00000000c0000000,0x00000000c1608708,0x00000000c4300000)
 Metaspace       used 44511K, committed 45376K, reserved 1114112K
  class space    used 4649K, committed 5056K, reserved 1048576K
}
Event: 5.977 GC heap before
{Heap before GC invocations=19 (full 2):
 PSYoungGen      total 23552K, used 23085K [0x00000000eab00000, 0x00000000ec400000, 0x0000000100000000)
  eden space 22016K, 100% used [0x00000000eab00000,0x00000000ec080000,0x00000000ec080000)
  from space 1536K, 69% used [0x00000000ec280000,0x00000000ec38b558,0x00000000ec400000)
  to   space 1536K, 0% used [0x00000000ec100000,0x00000000ec100000,0x00000000ec280000)
 ParOldGen       total 68608K, used 22561K [0x00000000c0000000, 0x00000000c4300000, 0x00000000eab00000)
  object space 68608K, 32% used [0x00000000c0000000,0x00000000c1608708,0x00000000c4300000)
 Metaspace       used 46685K, committed 47552K, reserved 1114112K
  class space    used 4932K, committed 5312K, reserved 1048576K
}
Event: 5.978 GC heap after
{Heap after GC invocations=19 (full 2):
 PSYoungGen      total 23040K, used 861K [0x00000000eab00000, 0x00000000ec300000, 0x0000000100000000)
  eden space 22016K, 0% used [0x00000000eab00000,0x00000000eab00000,0x00000000ec080000)
  from space 1024K, 84% used [0x00000000ec100000,0x00000000ec1d7448,0x00000000ec200000)
  to   space 1024K, 0% used [0x00000000ec200000,0x00000000ec200000,0x00000000ec300000)
 ParOldGen       total 68608K, used 23332K [0x00000000c0000000, 0x00000000c4300000, 0x00000000eab00000)
  object space 68608K, 34% used [0x00000000c0000000,0x00000000c16c93e8,0x00000000c4300000)
 Metaspace       used 46685K, committed 47552K, reserved 1114112K
  class space    used 4932K, committed 5312K, reserved 1048576K
}
Event: 6.202 GC heap before
{Heap before GC invocations=20 (full 2):
 PSYoungGen      total 23040K, used 22877K [0x00000000eab00000, 0x00000000ec300000, 0x0000000100000000)
  eden space 22016K, 100% used [0x00000000eab00000,0x00000000ec080000,0x00000000ec080000)
  from space 1024K, 84% used [0x00000000ec100000,0x00000000ec1d7448,0x00000000ec200000)
  to   space 1024K, 0% used [0x00000000ec200000,0x00000000ec200000,0x00000000ec300000)
 ParOldGen       total 68608K, used 23332K [0x00000000c0000000, 0x00000000c4300000, 0x00000000eab00000)
  object space 68608K, 34% used [0x00000000c0000000,0x00000000c16c93e8,0x00000000c4300000)
 Metaspace       used 48505K, committed 49472K, reserved 1114112K
  class space    used 5190K, committed 5632K, reserved 1048576K
}
Event: 6.203 GC heap after
{Heap after GC invocations=20 (full 2):
 PSYoungGen      total 23040K, used 704K [0x00000000eab00000, 0x00000000ec300000, 0x0000000100000000)
  eden space 22016K, 0% used [0x00000000eab00000,0x00000000eab00000,0x00000000ec080000)
  from space 1024K, 68% used [0x00000000ec200000,0x00000000ec2b0000,0x00000000ec300000)
  to   space 1024K, 0% used [0x00000000ec100000,0x00000000ec100000,0x00000000ec200000)
 ParOldGen       total 68608K, used 24047K [0x00000000c0000000, 0x00000000c4300000, 0x00000000eab00000)
  object space 68608K, 35% used [0x00000000c0000000,0x00000000c177be48,0x00000000c4300000)
 Metaspace       used 48505K, committed 49472K, reserved 1114112K
  class space    used 5190K, committed 5632K, reserved 1048576K
}
Event: 6.544 GC heap before
{Heap before GC invocations=21 (full 2):
 PSYoungGen      total 23040K, used 22720K [0x00000000eab00000, 0x00000000ec300000, 0x0000000100000000)
  eden space 22016K, 100% used [0x00000000eab00000,0x00000000ec080000,0x00000000ec080000)
  from space 1024K, 68% used [0x00000000ec200000,0x00000000ec2b0000,0x00000000ec300000)
  to   space 1024K, 0% used [0x00000000ec100000,0x00000000ec100000,0x00000000ec200000)
 ParOldGen       total 68608K, used 24047K [0x00000000c0000000, 0x00000000c4300000, 0x00000000eab00000)
  object space 68608K, 35% used [0x00000000c0000000,0x00000000c177be48,0x00000000c4300000)
 Metaspace       used 50598K, committed 51456K, reserved 1114112K
  class space    used 5445K, committed 5824K, reserved 1048576K
}
Event: 6.547 GC heap after
{Heap after GC invocations=21 (full 2):
 PSYoungGen      total 23040K, used 1024K [0x00000000eab00000, 0x00000000ec480000, 0x0000000100000000)
  eden space 22016K, 0% used [0x00000000eab00000,0x00000000eab00000,0x00000000ec080000)
  from space 1024K, 100% used [0x00000000ec100000,0x00000000ec200000,0x00000000ec200000)
  to   space 2048K, 0% used [0x00000000ec280000,0x00000000ec280000,0x00000000ec480000)
 ParOldGen       total 68608K, used 24671K [0x00000000c0000000, 0x00000000c4300000, 0x00000000eab00000)
  object space 68608K, 35% used [0x00000000c0000000,0x00000000c1817e48,0x00000000c4300000)
 Metaspace       used 50598K, committed 51456K, reserved 1114112K
  class space    used 5445K, committed 5824K, reserved 1048576K
}
Event: 7.003 GC heap before
{Heap before GC invocations=22 (full 2):
 PSYoungGen      total 23040K, used 23007K [0x00000000eab00000, 0x00000000ec480000, 0x0000000100000000)
  eden space 22016K, 99% used [0x00000000eab00000,0x00000000ec077f78,0x00000000ec080000)
  from space 1024K, 100% used [0x00000000ec100000,0x00000000ec200000,0x00000000ec200000)
  to   space 2048K, 0% used [0x00000000ec280000,0x00000000ec280000,0x00000000ec480000)
 ParOldGen       total 68608K, used 24671K [0x00000000c0000000, 0x00000000c4300000, 0x00000000eab00000)
  object space 68608K, 35% used [0x00000000c0000000,0x00000000c1817e48,0x00000000c4300000)
 Metaspace       used 52754K, committed 53632K, reserved 1114112K
  class space    used 5713K, committed 6080K, reserved 1048576K
}
Event: 7.005 GC heap after
{Heap after GC invocations=22 (full 2):
 PSYoungGen      total 23040K, used 947K [0x00000000eab00000, 0x00000000ec380000, 0x0000000100000000)
  eden space 22016K, 0% used [0x00000000eab00000,0x00000000eab00000,0x00000000ec080000)
  from space 1024K, 92% used [0x00000000ec280000,0x00000000ec36cdd0,0x00000000ec380000)
  to   space 1536K, 0% used [0x00000000ec080000,0x00000000ec080000,0x00000000ec200000)
 ParOldGen       total 68608K, used 25638K [0x00000000c0000000, 0x00000000c4300000, 0x00000000eab00000)
  object space 68608K, 37% used [0x00000000c0000000,0x00000000c1909b68,0x00000000c4300000)
 Metaspace       used 52754K, committed 53632K, reserved 1114112K
  class space    used 5713K, committed 6080K, reserved 1048576K
}
Event: 7.246 GC heap before
{Heap before GC invocations=23 (full 2):
 PSYoungGen      total 23040K, used 22963K [0x00000000eab00000, 0x00000000ec380000, 0x0000000100000000)
  eden space 22016K, 100% used [0x00000000eab00000,0x00000000ec080000,0x00000000ec080000)
  from space 1024K, 92% used [0x00000000ec280000,0x00000000ec36cdd0,0x00000000ec380000)
  to   space 1536K, 0% used [0x00000000ec080000,0x00000000ec080000,0x00000000ec200000)
 ParOldGen       total 68608K, used 25638K [0x00000000c0000000, 0x00000000c4300000, 0x00000000eab00000)
  object space 68608K, 37% used [0x00000000c0000000,0x00000000c1909b68,0x00000000c4300000)
 Metaspace       used 53579K, committed 54528K, reserved 1114112K
  class space    used 5818K, committed 6208K, reserved 1048576K
}
Event: 7.250 GC heap after
{Heap after GC invocations=23 (full 2):
 PSYoungGen      total 23552K, used 1522K [0x00000000eab00000, 0x00000000ece80000, 0x0000000100000000)
  eden space 22016K, 0% used [0x00000000eab00000,0x00000000eab00000,0x00000000ec080000)
  from space 1536K, 99% used [0x00000000ec080000,0x00000000ec1fcad0,0x00000000ec200000)
  to   space 7168K, 0% used [0x00000000ec780000,0x00000000ec780000,0x00000000ece80000)
 ParOldGen       total 68608K, used 29940K [0x00000000c0000000, 0x00000000c4300000, 0x00000000eab00000)
  object space 68608K, 43% used [0x00000000c0000000,0x00000000c1d3d200,0x00000000c4300000)
 Metaspace       used 53579K, committed 54528K, reserved 1114112K
  class space    used 5818K, committed 6208K, reserved 1048576K
}
Event: 7.307 GC heap before
{Heap before GC invocations=24 (full 2):
 PSYoungGen      total 23552K, used 23538K [0x00000000eab00000, 0x00000000ece80000, 0x0000000100000000)
  eden space 22016K, 100% used [0x00000000eab00000,0x00000000ec080000,0x00000000ec080000)
  from space 1536K, 99% used [0x00000000ec080000,0x00000000ec1fcad0,0x00000000ec200000)
  to   space 7168K, 0% used [0x00000000ec780000,0x00000000ec780000,0x00000000ece80000)
 ParOldGen       total 68608K, used 29940K [0x00000000c0000000, 0x00000000c4300000, 0x00000000eab00000)
  object space 68608K, 43% used [0x00000000c0000000,0x00000000c1d3d200,0x00000000c4300000)
 Metaspace       used 53946K, committed 54912K, reserved 1114112K
  class space    used 5872K, committed 6272K, reserved 1048576K
}
Event: 7.313 GC heap after
{Heap after GC invocations=24 (full 2):
 PSYoungGen      total 24576K, used 2071K [0x00000000eab00000, 0x00000000eca00000, 0x0000000100000000)
  eden space 22016K, 0% used [0x00000000eab00000,0x00000000eab00000,0x00000000ec080000)
  from space 2560K, 80% used [0x00000000ec780000,0x00000000ec985ee0,0x00000000eca00000)
  to   space 3584K, 0% used [0x00000000ec300000,0x00000000ec300000,0x00000000ec680000)
 ParOldGen       total 68608K, used 31479K [0x00000000c0000000, 0x00000000c4300000, 0x00000000eab00000)
  object space 68608K, 45% used [0x00000000c0000000,0x00000000c1ebdcd0,0x00000000c4300000)
 Metaspace       used 53946K, committed 54912K, reserved 1114112K
  class space    used 5872K, committed 6272K, reserved 1048576K
}
Event: 7.377 GC heap before
{Heap before GC invocations=25 (full 2):
 PSYoungGen      total 24576K, used 24087K [0x00000000eab00000, 0x00000000eca00000, 0x0000000100000000)
  eden space 22016K, 100% used [0x00000000eab00000,0x00000000ec080000,0x00000000ec080000)
  from space 2560K, 80% used [0x00000000ec780000,0x00000000ec985ee0,0x00000000eca00000)
  to   space 3584K, 0% used [0x00000000ec300000,0x00000000ec300000,0x00000000ec680000)
 ParOldGen       total 68608K, used 31479K [0x00000000c0000000, 0x00000000c4300000, 0x00000000eab00000)
  object space 68608K, 45% used [0x00000000c0000000,0x00000000c1ebdcd0,0x00000000c4300000)
 Metaspace       used 54260K, committed 55232K, reserved 1114112K
  class space    used 5917K, committed 6336K, reserved 1048576K
}
Event: 7.380 GC heap after
{Heap after GC invocations=25 (full 2):
 PSYoungGen      total 24576K, used 2416K [0x00000000eab00000, 0x00000000ec800000, 0x0000000100000000)
  eden space 22016K, 0% used [0x00000000eab00000,0x00000000eab00000,0x00000000ec080000)
  from space 2560K, 94% used [0x00000000ec300000,0x00000000ec55c010,0x00000000ec580000)
  to   space 2560K, 0% used [0x00000000ec580000,0x00000000ec580000,0x00000000ec800000)
 ParOldGen       total 68608K, used 33428K [0x00000000c0000000, 0x00000000c4300000, 0x00000000eab00000)
  object space 68608K, 48% used [0x00000000c0000000,0x00000000c20a51b0,0x00000000c4300000)
 Metaspace       used 54260K, committed 55232K, reserved 1114112K
  class space    used 5917K, committed 6336K, reserved 1048576K
}

